c:\users\gregory schamberger\documents\game design\winejamddr\ddrwinejam\winejam\winejam\debug\vc140.pdb
c:\users\gregory schamberger\documents\game design\winejamddr\ddrwinejam\winejam\winejam\debug\vc140.idb
c:\users\gregory schamberger\documents\game design\winejamddr\ddrwinejam\winejam\winejam\debug\main.obj
c:\users\gregory schamberger\documents\game design\winejamddr\ddrwinejam\winejam\winejam\debug\ddrinput.obj
c:\users\gregory schamberger\documents\game design\winejamddr\ddrwinejam\winejam\debug\winejam.ilk
c:\users\gregory schamberger\documents\game design\winejamddr\ddrwinejam\winejam\debug\winejam.exe
c:\users\gregory schamberger\documents\game design\winejamddr\ddrwinejam\winejam\debug\winejam.pdb
c:\users\scham\documents\gamedev\ddrwinejam\winejam\winejam\debug\ddrinput.obj
c:\users\scham\documents\gamedev\ddrwinejam\winejam\winejam\debug\main.obj
c:\users\scham\documents\gamedev\ddrwinejam\winejam\winejam\debug\vc140.idb
c:\users\scham\documents\gamedev\ddrwinejam\winejam\winejam\debug\vc140.pdb
c:\users\scham\documents\gamedev\ddrwinejam\winejam\debug\winejam.pdb
c:\users\scham\documents\gamedev\ddrwinejam\winejam\debug\winejam.exe
c:\users\scham\documents\gamedev\ddrwinejam\winejam\debug\winejam.ilk
c:\users\scham\documents\gamedev\ddrwinejam\winejam\winejam\debug\winejam.tlog\cl.command.1.tlog
c:\users\scham\documents\gamedev\ddrwinejam\winejam\winejam\debug\winejam.tlog\cl.read.1.tlog
c:\users\scham\documents\gamedev\ddrwinejam\winejam\winejam\debug\winejam.tlog\cl.write.1.tlog
c:\users\scham\documents\gamedev\ddrwinejam\winejam\winejam\debug\winejam.tlog\link.command.1.tlog
c:\users\scham\documents\gamedev\ddrwinejam\winejam\winejam\debug\winejam.tlog\link.read.1.tlog
c:\users\scham\documents\gamedev\ddrwinejam\winejam\winejam\debug\winejam.tlog\link.write.1.tlog
